::1 - - [Tue, 30 Aug 2016 12:44:26 GMT] "GET / HTTP/1.1" 200 10147 "-" "Mozilla/5.0 (Windows NT 6.1; WOW64; rv:47.0) Gecko/20100101 Firefox/47.0"
::1 - - [Tue, 30 Aug 2016 12:44:26 GMT] "GET /stylesheets/font-awesome/css/font-awesome.css HTTP/1.1" 304 - "http://localhost:3000/" "Mozilla/5.0 (Windows NT 6.1; WOW64; rv:47.0) Gecko/20100101 Firefox/47.0"
::1 - - [Tue, 30 Aug 2016 12:44:26 GMT] "GET /stylesheets/style.css HTTP/1.1" 304 - "http://localhost:3000/" "Mozilla/5.0 (Windows NT 6.1; WOW64; rv:47.0) Gecko/20100101 Firefox/47.0"
::1 - - [Tue, 30 Aug 2016 12:44:26 GMT] "GET /javascripts/jquery.min.js HTTP/1.1" 304 - "http://localhost:3000/" "Mozilla/5.0 (Windows NT 6.1; WOW64; rv:47.0) Gecko/20100101 Firefox/47.0"
::1 - - [Tue, 30 Aug 2016 12:44:26 GMT] "GET /stylesheets/wangEditor/dist/css/wangEditor.min.css HTTP/1.1" 304 - "http://localhost:3000/" "Mozilla/5.0 (Windows NT 6.1; WOW64; rv:47.0) Gecko/20100101 Firefox/47.0"
::1 - - [Tue, 30 Aug 2016 12:44:26 GMT] "GET /javascripts/semantic.js HTTP/1.1" 304 - "http://localhost:3000/" "Mozilla/5.0 (Windows NT 6.1; WOW64; rv:47.0) Gecko/20100101 Firefox/47.0"
::1 - - [Tue, 30 Aug 2016 12:44:26 GMT] "GET /stylesheets/wangEditor/dist/js/wangEditor.min.js HTTP/1.1" 304 - "http://localhost:3000/" "Mozilla/5.0 (Windows NT 6.1; WOW64; rv:47.0) Gecko/20100101 Firefox/47.0"
::1 - - [Tue, 30 Aug 2016 12:44:26 GMT] "GET /stylesheets/semantic.css HTTP/1.1" 304 - "http://localhost:3000/" "Mozilla/5.0 (Windows NT 6.1; WOW64; rv:47.0) Gecko/20100101 Firefox/47.0"
::1 - - [Tue, 30 Aug 2016 12:44:26 GMT] "GET /images/logo2.png HTTP/1.1" 304 - "http://localhost:3000/" "Mozilla/5.0 (Windows NT 6.1; WOW64; rv:47.0) Gecko/20100101 Firefox/47.0"
::1 - - [Tue, 30 Aug 2016 12:44:26 GMT] "GET /stylesheets/font-awesome/fonts/fontawesome-webfont.woff2?v=4.6.3 HTTP/1.1" 304 - "http://localhost:3000/stylesheets/font-awesome/css/font-awesome.css" "Mozilla/5.0 (Windows NT 6.1; WOW64; rv:47.0) Gecko/20100101 Firefox/47.0"
::1 - - [Tue, 30 Aug 2016 12:44:32 GMT] "GET /article HTTP/1.1" 304 - "http://localhost:3000/" "Mozilla/5.0 (Windows NT 6.1; WOW64; rv:47.0) Gecko/20100101 Firefox/47.0"
::1 - - [Tue, 30 Aug 2016 12:44:33 GMT] "GET /stylesheets/font-awesome/css/font-awesome.css HTTP/1.1" 304 - "http://localhost:3000/article" "Mozilla/5.0 (Windows NT 6.1; WOW64; rv:47.0) Gecko/20100101 Firefox/47.0"
::1 - - [Tue, 30 Aug 2016 12:44:33 GMT] "GET /javascripts/jquery.min.js HTTP/1.1" 304 - "http://localhost:3000/article" "Mozilla/5.0 (Windows NT 6.1; WOW64; rv:47.0) Gecko/20100101 Firefox/47.0"
::1 - - [Tue, 30 Aug 2016 12:44:33 GMT] "GET /stylesheets/semantic.css HTTP/1.1" 304 - "http://localhost:3000/article" "Mozilla/5.0 (Windows NT 6.1; WOW64; rv:47.0) Gecko/20100101 Firefox/47.0"
::1 - - [Tue, 30 Aug 2016 12:44:33 GMT] "GET /stylesheets/style.css HTTP/1.1" 304 - "http://localhost:3000/article" "Mozilla/5.0 (Windows NT 6.1; WOW64; rv:47.0) Gecko/20100101 Firefox/47.0"
::1 - - [Tue, 30 Aug 2016 12:44:33 GMT] "GET /stylesheets/wangEditor/dist/css/wangEditor.min.css HTTP/1.1" 304 - "http://localhost:3000/article" "Mozilla/5.0 (Windows NT 6.1; WOW64; rv:47.0) Gecko/20100101 Firefox/47.0"
::1 - - [Tue, 30 Aug 2016 12:44:33 GMT] "GET /stylesheets/wangEditor/dist/js/wangEditor.min.js HTTP/1.1" 304 - "http://localhost:3000/article" "Mozilla/5.0 (Windows NT 6.1; WOW64; rv:47.0) Gecko/20100101 Firefox/47.0"
::1 - - [Tue, 30 Aug 2016 12:44:33 GMT] "GET /javascripts/semantic.js HTTP/1.1" 304 - "http://localhost:3000/article" "Mozilla/5.0 (Windows NT 6.1; WOW64; rv:47.0) Gecko/20100101 Firefox/47.0"
::1 - - [Tue, 30 Aug 2016 12:44:33 GMT] "GET /images/logo2.png HTTP/1.1" 304 - "http://localhost:3000/article" "Mozilla/5.0 (Windows NT 6.1; WOW64; rv:47.0) Gecko/20100101 Firefox/47.0"
::1 - - [Tue, 30 Aug 2016 12:44:36 GMT] "GET /login HTTP/1.1" 200 5661 "http://localhost:3000/article" "Mozilla/5.0 (Windows NT 6.1; WOW64; rv:47.0) Gecko/20100101 Firefox/47.0"
::1 - - [Tue, 30 Aug 2016 12:44:36 GMT] "GET /stylesheets/style.css HTTP/1.1" 304 - "http://localhost:3000/login" "Mozilla/5.0 (Windows NT 6.1; WOW64; rv:47.0) Gecko/20100101 Firefox/47.0"
::1 - - [Tue, 30 Aug 2016 12:44:36 GMT] "GET /stylesheets/font-awesome/css/font-awesome.css HTTP/1.1" 304 - "http://localhost:3000/login" "Mozilla/5.0 (Windows NT 6.1; WOW64; rv:47.0) Gecko/20100101 Firefox/47.0"
::1 - - [Tue, 30 Aug 2016 12:44:36 GMT] "GET /javascripts/jquery.min.js HTTP/1.1" 304 - "http://localhost:3000/login" "Mozilla/5.0 (Windows NT 6.1; WOW64; rv:47.0) Gecko/20100101 Firefox/47.0"
::1 - - [Tue, 30 Aug 2016 12:44:36 GMT] "GET /stylesheets/wangEditor/dist/css/wangEditor.min.css HTTP/1.1" 304 - "http://localhost:3000/login" "Mozilla/5.0 (Windows NT 6.1; WOW64; rv:47.0) Gecko/20100101 Firefox/47.0"
::1 - - [Tue, 30 Aug 2016 12:44:36 GMT] "GET /stylesheets/wangEditor/dist/js/wangEditor.min.js HTTP/1.1" 304 - "http://localhost:3000/login" "Mozilla/5.0 (Windows NT 6.1; WOW64; rv:47.0) Gecko/20100101 Firefox/47.0"
::1 - - [Tue, 30 Aug 2016 12:44:36 GMT] "GET /javascripts/semantic.js HTTP/1.1" 304 - "http://localhost:3000/login" "Mozilla/5.0 (Windows NT 6.1; WOW64; rv:47.0) Gecko/20100101 Firefox/47.0"
::1 - - [Tue, 30 Aug 2016 12:44:36 GMT] "GET /stylesheets/semantic.css HTTP/1.1" 304 - "http://localhost:3000/login" "Mozilla/5.0 (Windows NT 6.1; WOW64; rv:47.0) Gecko/20100101 Firefox/47.0"
::1 - - [Tue, 30 Aug 2016 12:44:36 GMT] "GET /images/logo2.png HTTP/1.1" 304 - "http://localhost:3000/login" "Mozilla/5.0 (Windows NT 6.1; WOW64; rv:47.0) Gecko/20100101 Firefox/47.0"
::1 - - [Tue, 30 Aug 2016 12:44:40 GMT] "GET /register HTTP/1.1" 200 7837 "http://localhost:3000/login" "Mozilla/5.0 (Windows NT 6.1; WOW64; rv:47.0) Gecko/20100101 Firefox/47.0"
::1 - - [Tue, 30 Aug 2016 12:44:40 GMT] "GET /stylesheets/font-awesome/css/font-awesome.css HTTP/1.1" 304 - "http://localhost:3000/register" "Mozilla/5.0 (Windows NT 6.1; WOW64; rv:47.0) Gecko/20100101 Firefox/47.0"
::1 - - [Tue, 30 Aug 2016 12:44:40 GMT] "GET /javascripts/semantic.js HTTP/1.1" 304 - "http://localhost:3000/register" "Mozilla/5.0 (Windows NT 6.1; WOW64; rv:47.0) Gecko/20100101 Firefox/47.0"
::1 - - [Tue, 30 Aug 2016 12:44:40 GMT] "GET /stylesheets/style.css HTTP/1.1" 304 - "http://localhost:3000/register" "Mozilla/5.0 (Windows NT 6.1; WOW64; rv:47.0) Gecko/20100101 Firefox/47.0"
::1 - - [Tue, 30 Aug 2016 12:44:40 GMT] "GET /javascripts/jquery.min.js HTTP/1.1" 304 - "http://localhost:3000/register" "Mozilla/5.0 (Windows NT 6.1; WOW64; rv:47.0) Gecko/20100101 Firefox/47.0"
::1 - - [Tue, 30 Aug 2016 12:44:40 GMT] "GET /stylesheets/wangEditor/dist/css/wangEditor.min.css HTTP/1.1" 304 - "http://localhost:3000/register" "Mozilla/5.0 (Windows NT 6.1; WOW64; rv:47.0) Gecko/20100101 Firefox/47.0"
::1 - - [Tue, 30 Aug 2016 12:44:40 GMT] "GET /stylesheets/wangEditor/dist/js/wangEditor.min.js HTTP/1.1" 304 - "http://localhost:3000/register" "Mozilla/5.0 (Windows NT 6.1; WOW64; rv:47.0) Gecko/20100101 Firefox/47.0"
::1 - - [Tue, 30 Aug 2016 12:44:40 GMT] "GET /stylesheets/semantic.css HTTP/1.1" 304 - "http://localhost:3000/register" "Mozilla/5.0 (Windows NT 6.1; WOW64; rv:47.0) Gecko/20100101 Firefox/47.0"
::1 - - [Tue, 30 Aug 2016 12:44:40 GMT] "GET /images/logo2.png HTTP/1.1" 304 - "http://localhost:3000/register" "Mozilla/5.0 (Windows NT 6.1; WOW64; rv:47.0) Gecko/20100101 Firefox/47.0"
::1 - - [Tue, 30 Aug 2016 12:45:16 GMT] "POST /register HTTP/1.1" 302 46 "http://localhost:3000/register" "Mozilla/5.0 (Windows NT 6.1; WOW64; rv:47.0) Gecko/20100101 Firefox/47.0"
::1 - - [Tue, 30 Aug 2016 12:45:16 GMT] "GET / HTTP/1.1" 200 10147 "http://localhost:3000/register" "Mozilla/5.0 (Windows NT 6.1; WOW64; rv:47.0) Gecko/20100101 Firefox/47.0"
::1 - - [Tue, 30 Aug 2016 12:45:16 GMT] "GET /stylesheets/style.css HTTP/1.1" 304 - "http://localhost:3000/" "Mozilla/5.0 (Windows NT 6.1; WOW64; rv:47.0) Gecko/20100101 Firefox/47.0"
::1 - - [Tue, 30 Aug 2016 12:45:16 GMT] "GET /stylesheets/font-awesome/css/font-awesome.css HTTP/1.1" 304 - "http://localhost:3000/" "Mozilla/5.0 (Windows NT 6.1; WOW64; rv:47.0) Gecko/20100101 Firefox/47.0"
::1 - - [Tue, 30 Aug 2016 12:45:16 GMT] "GET /stylesheets/wangEditor/dist/css/wangEditor.min.css HTTP/1.1" 304 - "http://localhost:3000/" "Mozilla/5.0 (Windows NT 6.1; WOW64; rv:47.0) Gecko/20100101 Firefox/47.0"
::1 - - [Tue, 30 Aug 2016 12:45:16 GMT] "GET /javascripts/jquery.min.js HTTP/1.1" 304 - "http://localhost:3000/" "Mozilla/5.0 (Windows NT 6.1; WOW64; rv:47.0) Gecko/20100101 Firefox/47.0"
::1 - - [Tue, 30 Aug 2016 12:45:16 GMT] "GET /javascripts/semantic.js HTTP/1.1" 304 - "http://localhost:3000/" "Mozilla/5.0 (Windows NT 6.1; WOW64; rv:47.0) Gecko/20100101 Firefox/47.0"
::1 - - [Tue, 30 Aug 2016 12:45:16 GMT] "GET /stylesheets/wangEditor/dist/js/wangEditor.min.js HTTP/1.1" 304 - "http://localhost:3000/" "Mozilla/5.0 (Windows NT 6.1; WOW64; rv:47.0) Gecko/20100101 Firefox/47.0"
::1 - - [Tue, 30 Aug 2016 12:45:16 GMT] "GET /stylesheets/semantic.css HTTP/1.1" 304 - "http://localhost:3000/" "Mozilla/5.0 (Windows NT 6.1; WOW64; rv:47.0) Gecko/20100101 Firefox/47.0"
::1 - - [Tue, 30 Aug 2016 12:45:16 GMT] "GET /images/logo2.png HTTP/1.1" 304 - "http://localhost:3000/" "Mozilla/5.0 (Windows NT 6.1; WOW64; rv:47.0) Gecko/20100101 Firefox/47.0"
::1 - - [Tue, 30 Aug 2016 12:45:20 GMT] "GET /login HTTP/1.1" 304 - "http://localhost:3000/" "Mozilla/5.0 (Windows NT 6.1; WOW64; rv:47.0) Gecko/20100101 Firefox/47.0"
::1 - - [Tue, 30 Aug 2016 12:45:20 GMT] "GET /stylesheets/style.css HTTP/1.1" 304 - "http://localhost:3000/login" "Mozilla/5.0 (Windows NT 6.1; WOW64; rv:47.0) Gecko/20100101 Firefox/47.0"
::1 - - [Tue, 30 Aug 2016 12:45:20 GMT] "GET /stylesheets/font-awesome/css/font-awesome.css HTTP/1.1" 304 - "http://localhost:3000/login" "Mozilla/5.0 (Windows NT 6.1; WOW64; rv:47.0) Gecko/20100101 Firefox/47.0"
::1 - - [Tue, 30 Aug 2016 12:45:20 GMT] "GET /stylesheets/wangEditor/dist/css/wangEditor.min.css HTTP/1.1" 304 - "http://localhost:3000/login" "Mozilla/5.0 (Windows NT 6.1; WOW64; rv:47.0) Gecko/20100101 Firefox/47.0"
::1 - - [Tue, 30 Aug 2016 12:45:20 GMT] "GET /javascripts/semantic.js HTTP/1.1" 304 - "http://localhost:3000/login" "Mozilla/5.0 (Windows NT 6.1; WOW64; rv:47.0) Gecko/20100101 Firefox/47.0"
::1 - - [Tue, 30 Aug 2016 12:45:20 GMT] "GET /stylesheets/wangEditor/dist/js/wangEditor.min.js HTTP/1.1" 304 - "http://localhost:3000/login" "Mozilla/5.0 (Windows NT 6.1; WOW64; rv:47.0) Gecko/20100101 Firefox/47.0"
::1 - - [Tue, 30 Aug 2016 12:45:20 GMT] "GET /javascripts/jquery.min.js HTTP/1.1" 304 - "http://localhost:3000/login" "Mozilla/5.0 (Windows NT 6.1; WOW64; rv:47.0) Gecko/20100101 Firefox/47.0"
::1 - - [Tue, 30 Aug 2016 12:45:20 GMT] "GET /stylesheets/semantic.css HTTP/1.1" 304 - "http://localhost:3000/login" "Mozilla/5.0 (Windows NT 6.1; WOW64; rv:47.0) Gecko/20100101 Firefox/47.0"
::1 - - [Tue, 30 Aug 2016 12:45:20 GMT] "GET /images/logo2.png HTTP/1.1" 304 - "http://localhost:3000/login" "Mozilla/5.0 (Windows NT 6.1; WOW64; rv:47.0) Gecko/20100101 Firefox/47.0"
::1 - - [Tue, 30 Aug 2016 12:45:28 GMT] "POST /login HTTP/1.1" 302 46 "http://localhost:3000/login" "Mozilla/5.0 (Windows NT 6.1; WOW64; rv:47.0) Gecko/20100101 Firefox/47.0"
::1 - - [Tue, 30 Aug 2016 12:45:28 GMT] "GET / HTTP/1.1" 200 10156 "http://localhost:3000/login" "Mozilla/5.0 (Windows NT 6.1; WOW64; rv:47.0) Gecko/20100101 Firefox/47.0"
::1 - - [Tue, 30 Aug 2016 12:45:28 GMT] "GET /stylesheets/wangEditor/dist/css/wangEditor.min.css HTTP/1.1" 304 - "http://localhost:3000/" "Mozilla/5.0 (Windows NT 6.1; WOW64; rv:47.0) Gecko/20100101 Firefox/47.0"
::1 - - [Tue, 30 Aug 2016 12:45:28 GMT] "GET /javascripts/semantic.js HTTP/1.1" 304 - "http://localhost:3000/" "Mozilla/5.0 (Windows NT 6.1; WOW64; rv:47.0) Gecko/20100101 Firefox/47.0"
::1 - - [Tue, 30 Aug 2016 12:45:28 GMT] "GET /stylesheets/style.css HTTP/1.1" 304 - "http://localhost:3000/" "Mozilla/5.0 (Windows NT 6.1; WOW64; rv:47.0) Gecko/20100101 Firefox/47.0"
::1 - - [Tue, 30 Aug 2016 12:45:28 GMT] "GET /stylesheets/wangEditor/dist/js/wangEditor.min.js HTTP/1.1" 304 - "http://localhost:3000/" "Mozilla/5.0 (Windows NT 6.1; WOW64; rv:47.0) Gecko/20100101 Firefox/47.0"
::1 - - [Tue, 30 Aug 2016 12:45:28 GMT] "GET /stylesheets/font-awesome/css/font-awesome.css HTTP/1.1" 304 - "http://localhost:3000/" "Mozilla/5.0 (Windows NT 6.1; WOW64; rv:47.0) Gecko/20100101 Firefox/47.0"
::1 - - [Tue, 30 Aug 2016 12:45:28 GMT] "GET /javascripts/jquery.min.js HTTP/1.1" 304 - "http://localhost:3000/" "Mozilla/5.0 (Windows NT 6.1; WOW64; rv:47.0) Gecko/20100101 Firefox/47.0"
::1 - - [Tue, 30 Aug 2016 12:45:28 GMT] "GET /stylesheets/semantic.css HTTP/1.1" 304 - "http://localhost:3000/" "Mozilla/5.0 (Windows NT 6.1; WOW64; rv:47.0) Gecko/20100101 Firefox/47.0"
::1 - - [Tue, 30 Aug 2016 12:45:28 GMT] "GET /images/logo2.png HTTP/1.1" 304 - "http://localhost:3000/" "Mozilla/5.0 (Windows NT 6.1; WOW64; rv:47.0) Gecko/20100101 Firefox/47.0"
::1 - - [Tue, 30 Aug 2016 12:45:34 GMT] "GET /post HTTP/1.1" 200 5858 "http://localhost:3000/" "Mozilla/5.0 (Windows NT 6.1; WOW64; rv:47.0) Gecko/20100101 Firefox/47.0"
::1 - - [Tue, 30 Aug 2016 12:45:34 GMT] "GET /stylesheets/style.css HTTP/1.1" 304 - "http://localhost:3000/post" "Mozilla/5.0 (Windows NT 6.1; WOW64; rv:47.0) Gecko/20100101 Firefox/47.0"
::1 - - [Tue, 30 Aug 2016 12:45:34 GMT] "GET /stylesheets/wangEditor/dist/css/wangEditor.min.css HTTP/1.1" 304 - "http://localhost:3000/post" "Mozilla/5.0 (Windows NT 6.1; WOW64; rv:47.0) Gecko/20100101 Firefox/47.0"
::1 - - [Tue, 30 Aug 2016 12:45:34 GMT] "GET /stylesheets/font-awesome/css/font-awesome.css HTTP/1.1" 304 - "http://localhost:3000/post" "Mozilla/5.0 (Windows NT 6.1; WOW64; rv:47.0) Gecko/20100101 Firefox/47.0"
::1 - - [Tue, 30 Aug 2016 12:45:34 GMT] "GET /stylesheets/wangEditor/dist/js/wangEditor.min.js HTTP/1.1" 304 - "http://localhost:3000/post" "Mozilla/5.0 (Windows NT 6.1; WOW64; rv:47.0) Gecko/20100101 Firefox/47.0"
::1 - - [Tue, 30 Aug 2016 12:45:34 GMT] "GET /javascripts/jquery.min.js HTTP/1.1" 304 - "http://localhost:3000/post" "Mozilla/5.0 (Windows NT 6.1; WOW64; rv:47.0) Gecko/20100101 Firefox/47.0"
::1 - - [Tue, 30 Aug 2016 12:45:34 GMT] "GET /javascripts/semantic.js HTTP/1.1" 304 - "http://localhost:3000/post" "Mozilla/5.0 (Windows NT 6.1; WOW64; rv:47.0) Gecko/20100101 Firefox/47.0"
::1 - - [Tue, 30 Aug 2016 12:45:34 GMT] "GET /stylesheets/semantic.css HTTP/1.1" 304 - "http://localhost:3000/post" "Mozilla/5.0 (Windows NT 6.1; WOW64; rv:47.0) Gecko/20100101 Firefox/47.0"
::1 - - [Tue, 30 Aug 2016 12:45:34 GMT] "GET /images/logo2.png HTTP/1.1" 304 - "http://localhost:3000/post" "Mozilla/5.0 (Windows NT 6.1; WOW64; rv:47.0) Gecko/20100101 Firefox/47.0"
::1 - - [Tue, 30 Aug 2016 12:45:34 GMT] "GET /stylesheets/wangEditor/dist/css/fonts/icomoon.ttf?-qdfu1s HTTP/1.1" 200 15484 "http://localhost:3000/stylesheets/wangEditor/dist/css/wangEditor.min.css" "Mozilla/5.0 (Windows NT 6.1; WOW64; rv:47.0) Gecko/20100101 Firefox/47.0"
::1 - - [Tue, 30 Aug 2016 12:46:33 GMT] "POST /post HTTP/1.1" 302 60 "http://localhost:3000/post" "Mozilla/5.0 (Windows NT 6.1; WOW64; rv:47.0) Gecko/20100101 Firefox/47.0"
::1 - - [Tue, 30 Aug 2016 12:46:33 GMT] "GET /article HTTP/1.1" 200 7464 "http://localhost:3000/post" "Mozilla/5.0 (Windows NT 6.1; WOW64; rv:47.0) Gecko/20100101 Firefox/47.0"
::1 - - [Tue, 30 Aug 2016 12:46:33 GMT] "GET /stylesheets/style.css HTTP/1.1" 304 - "http://localhost:3000/article" "Mozilla/5.0 (Windows NT 6.1; WOW64; rv:47.0) Gecko/20100101 Firefox/47.0"
::1 - - [Tue, 30 Aug 2016 12:46:33 GMT] "GET /stylesheets/font-awesome/css/font-awesome.css HTTP/1.1" 304 - "http://localhost:3000/article" "Mozilla/5.0 (Windows NT 6.1; WOW64; rv:47.0) Gecko/20100101 Firefox/47.0"
::1 - - [Tue, 30 Aug 2016 12:46:33 GMT] "GET /javascripts/jquery.min.js HTTP/1.1" 304 - "http://localhost:3000/article" "Mozilla/5.0 (Windows NT 6.1; WOW64; rv:47.0) Gecko/20100101 Firefox/47.0"
::1 - - [Tue, 30 Aug 2016 12:46:33 GMT] "GET /stylesheets/wangEditor/dist/css/wangEditor.min.css HTTP/1.1" 304 - "http://localhost:3000/article" "Mozilla/5.0 (Windows NT 6.1; WOW64; rv:47.0) Gecko/20100101 Firefox/47.0"
::1 - - [Tue, 30 Aug 2016 12:46:33 GMT] "GET /javascripts/semantic.js HTTP/1.1" 304 - "http://localhost:3000/article" "Mozilla/5.0 (Windows NT 6.1; WOW64; rv:47.0) Gecko/20100101 Firefox/47.0"
::1 - - [Tue, 30 Aug 2016 12:46:33 GMT] "GET /stylesheets/wangEditor/dist/js/wangEditor.min.js HTTP/1.1" 304 - "http://localhost:3000/article" "Mozilla/5.0 (Windows NT 6.1; WOW64; rv:47.0) Gecko/20100101 Firefox/47.0"
::1 - - [Tue, 30 Aug 2016 12:46:33 GMT] "GET /stylesheets/semantic.css HTTP/1.1" 304 - "http://localhost:3000/article" "Mozilla/5.0 (Windows NT 6.1; WOW64; rv:47.0) Gecko/20100101 Firefox/47.0"
::1 - - [Tue, 30 Aug 2016 12:46:33 GMT] "GET /images/logo2.png HTTP/1.1" 304 - "http://localhost:3000/article" "Mozilla/5.0 (Windows NT 6.1; WOW64; rv:47.0) Gecko/20100101 Firefox/47.0"
::1 - - [Tue, 30 Aug 2016 12:46:47 GMT] "GET /u/Yolanda/2016-8-30/%E6%B5%8B%E8%AF%95 HTTP/1.1" 200 6717 "http://localhost:3000/article" "Mozilla/5.0 (Windows NT 6.1; WOW64; rv:47.0) Gecko/20100101 Firefox/47.0"
::1 - - [Tue, 30 Aug 2016 12:46:47 GMT] "GET /stylesheets/style.css HTTP/1.1" 304 - "http://localhost:3000/u/Yolanda/2016-8-30/%E6%B5%8B%E8%AF%95" "Mozilla/5.0 (Windows NT 6.1; WOW64; rv:47.0) Gecko/20100101 Firefox/47.0"
::1 - - [Tue, 30 Aug 2016 12:46:47 GMT] "GET /stylesheets/semantic.css HTTP/1.1" 304 - "http://localhost:3000/u/Yolanda/2016-8-30/%E6%B5%8B%E8%AF%95" "Mozilla/5.0 (Windows NT 6.1; WOW64; rv:47.0) Gecko/20100101 Firefox/47.0"
::1 - - [Tue, 30 Aug 2016 12:46:47 GMT] "GET /stylesheets/font-awesome/css/font-awesome.css HTTP/1.1" 304 - "http://localhost:3000/u/Yolanda/2016-8-30/%E6%B5%8B%E8%AF%95" "Mozilla/5.0 (Windows NT 6.1; WOW64; rv:47.0) Gecko/20100101 Firefox/47.0"
::1 - - [Tue, 30 Aug 2016 12:46:47 GMT] "GET /stylesheets/wangEditor/dist/css/wangEditor.min.css HTTP/1.1" 304 - "http://localhost:3000/u/Yolanda/2016-8-30/%E6%B5%8B%E8%AF%95" "Mozilla/5.0 (Windows NT 6.1; WOW64; rv:47.0) Gecko/20100101 Firefox/47.0"
::1 - - [Tue, 30 Aug 2016 12:46:47 GMT] "GET /stylesheets/wangEditor/dist/js/wangEditor.min.js HTTP/1.1" 304 - "http://localhost:3000/u/Yolanda/2016-8-30/%E6%B5%8B%E8%AF%95" "Mozilla/5.0 (Windows NT 6.1; WOW64; rv:47.0) Gecko/20100101 Firefox/47.0"
::1 - - [Tue, 30 Aug 2016 12:46:47 GMT] "GET /javascripts/jquery.min.js HTTP/1.1" 304 - "http://localhost:3000/u/Yolanda/2016-8-30/%E6%B5%8B%E8%AF%95" "Mozilla/5.0 (Windows NT 6.1; WOW64; rv:47.0) Gecko/20100101 Firefox/47.0"
::1 - - [Tue, 30 Aug 2016 12:46:47 GMT] "GET /javascripts/semantic.js HTTP/1.1" 304 - "http://localhost:3000/u/Yolanda/2016-8-30/%E6%B5%8B%E8%AF%95" "Mozilla/5.0 (Windows NT 6.1; WOW64; rv:47.0) Gecko/20100101 Firefox/47.0"
::1 - - [Tue, 30 Aug 2016 12:46:47 GMT] "GET /images/logo2.png HTTP/1.1" 304 - "http://localhost:3000/u/Yolanda/2016-8-30/%E6%B5%8B%E8%AF%95" "Mozilla/5.0 (Windows NT 6.1; WOW64; rv:47.0) Gecko/20100101 Firefox/47.0"
